T1B28 91300:148 SEGGER J-Link V5.10 Log File (0211ms, 68505ms total)
T1B28 91300:148 DLL Compiled: Nov 27 2015 17:01:28 (0211ms, 68505ms total)
T1B28 91300:148 Logging started @ 2016-05-06 14:16 (0211ms, 68505ms total)
T1B28 91300:747 JLINK_ExecCommand("Device = ATSAMD21E18A", ...)Device "ATSAMD21E18" selected.  returns 0x00 (0001ms, 68506ms total)
T1B28 91300:821 JLINK_ExecCommand("device = ATSAMD21E18A", ...)Device "ATSAMD21E18" selected.  returns 0x00 (0001ms, 68507ms total)
T1B28 91300:822 JLINK_GetHWStatus(...)  returns 0x00 (0001ms, 68508ms total)
T1B28 91300:823 JLINK_ClrRESET() (0002ms, 68510ms total)
T1B28 91300:825 JLINK_SetRESET() (0001ms, 68511ms total)
T1B28 91300:826 JLINK_ClrRESET() (0002ms, 68513ms total)
T1B28 91300:828 JLINK_ClrTCK()  returns 0x00 (0001ms, 68514ms total)
T1B28 91300:830 JLINK_SetRESET() (0001ms, 68515ms total)
T1B28 91300:831 JLINK_Clock()  returns 0x00 (0000ms, 68515ms total)
T1B28 91300:831 JLINK_TIF_Select(JLINKARM_TIF_SWD)  returns 0x00 (0003ms, 68518ms total)
T1B28 91300:834 JLINK_SetSpeed(50) (0001ms, 68519ms total)
T1B28 91300:835 JLINK_JTAG_StoreRaw(..., 0x108 Bits)  returns 0x00 (0000ms, 68519ms total)
T1B28 91300:835 JLINK_JTAG_GetU32(BitPos = 227) >0x108 TIF>  returns 0x0BC11477 (0006ms, 68525ms total)
T1B28 91300:841 JLINK_JTAG_StoreRaw(..., 0x08 Bits)  returns 0x00 (0000ms, 68525ms total)
T1B28 91300:841 JLINK_JTAG_StoreRaw(..., 0x03 Bits)  returns 0x08 (0000ms, 68525ms total)
T1B28 91300:841 JLINK_JTAG_StoreRaw(..., 0x28 Bits)  returns 0x0B (0000ms, 68525ms total)
T1B28 91300:841 JLINK_JTAG_GetU8(BitPos = 8) >0x33 TIF>  returns 0xB9 (0001ms, 68526ms total)
T1B28 91300:842 JLINK_JTAG_GetU32(BitPos = 11)  returns 0x0BC11477 (0000ms, 68526ms total)
T1B28 91300:842 JLINK_JTAG_GetU8(BitPos = 43)  returns 0x02 (0000ms, 68526ms total)
T1B28 91300:842 JLINK_JTAG_StoreRaw(..., 0x08 Bits)  returns 0x00 (0001ms, 68527ms total)
T1B28 91300:843 JLINK_JTAG_StoreRaw(..., 0x03 Bits)  returns 0x08 (0000ms, 68527ms total)
T1B28 91300:843 JLINK_JTAG_StoreRaw(..., 0x28 Bits)  returns 0x0B (0000ms, 68527ms total)
T1B28 91300:843 JLINK_JTAG_GetU8(BitPos = 8) >0x33 TIF>  returns 0x19 (0003ms, 68530ms total)
T1B28 91300:846 JLINK_JTAG_GetU32(BitPos = 11)  returns 0x00000043 (0000ms, 68530ms total)
T1B28 91300:846 JLINK_JTAG_GetU8(BitPos = 43)  returns 0x03 (0000ms, 68530ms total)
T1B28 91300:846 JLINK_JTAG_StoreRaw(..., 0x08 Bits)  returns 0x00 (0000ms, 68530ms total)
T1B28 91300:846 JLINK_JTAG_StoreRaw(..., 0x03 Bits)  returns 0x08 (0000ms, 68530ms total)
T1B28 91300:846 JLINK_JTAG_StoreRaw(..., 0x02 Bits)  returns 0x0B (0000ms, 68530ms total)
T1B28 91300:846 JLINK_JTAG_StoreRaw(..., 0x28 Bits)  returns 0x0D (0000ms, 68530ms total)
T1B28 91300:846 JLINK_JTAG_GetU8(BitPos = 8) >0x35 TIF>  returns 0xD9 (0002ms, 68532ms total)
T1B28 91300:848 JLINK_JTAG_StoreRaw(..., 0x08 Bits)  returns 0x00 (0000ms, 68532ms total)
T1B28 91300:848 JLINK_JTAG_StoreRaw(..., 0x03 Bits)  returns 0x08 (0000ms, 68532ms total)
T1B28 91300:848 JLINK_JTAG_StoreRaw(..., 0x28 Bits)  returns 0x0B (0000ms, 68532ms total)
T1B28 91300:848 JLINK_JTAG_GetU8(BitPos = 8) >0x33 TIF>  returns 0x09 (0002ms, 68534ms total)
T1B28 91300:850 JLINK_JTAG_GetU32(BitPos = 11)  returns 0x00000041 (0000ms, 68534ms total)
T1B28 91300:850 JLINK_JTAG_GetU8(BitPos = 43)  returns 0x02 (0000ms, 68534ms total)
T1B28 91300:850 JLINK_JTAG_StoreRaw(..., 0x08 Bits)  returns 0x00 (0000ms, 68534ms total)
T1B28 91300:850 JLINK_JTAG_StoreRaw(..., 0x03 Bits)  returns 0x08 (0000ms, 68534ms total)
T1B28 91300:850 JLINK_JTAG_StoreRaw(..., 0x02 Bits)  returns 0x0B (0000ms, 68534ms total)
T1B28 91300:850 JLINK_JTAG_StoreRaw(..., 0x28 Bits)  returns 0x0D (0000ms, 68534ms total)
T1B28 91300:850 JLINK_JTAG_GetU8(BitPos = 8) >0x35 TIF>  returns 0x39 (0002ms, 68536ms total)
T1B28 91300:852 JLINK_JTAG_StoreRaw(..., 0x08 Bits)  returns 0x00 (0000ms, 68536ms total)
T1B28 91300:852 JLINK_JTAG_StoreRaw(..., 0x03 Bits)  returns 0x08 (0000ms, 68536ms total)
T1B28 91300:852 JLINK_JTAG_StoreRaw(..., 0x28 Bits)  returns 0x0B (0000ms, 68536ms total)
T1B28 91300:852 JLINK_JTAG_GetU8(BitPos = 8) >0x33 TIF>  returns 0x09 (0002ms, 68538ms total)
T1B28 91300:854 JLINK_JTAG_GetU32(BitPos = 11)  returns 0xF0000041 (0000ms, 68538ms total)
T1B28 91300:854 JLINK_JTAG_GetU8(BitPos = 43)  returns 0x02 (0000ms, 68538ms total)
T1B28 91300:855 JLINK_WriteMem(0x41002100, 0x0001 Bytes, ...) - Data: 10 >0x108 TIF>Found SWD-DP with ID 0x0BC11477 >0x0D TIF> >0x28 TIF> >0x0D TIF> >0x28 TIF> >0x0D TIF> >0x28 TIF> >0x0D TIF> >0x28 TIF> >0x0D TIF> >0x21 TIF> >0x0D TIF> >0x28 TIF> >0x0D TIF> >0x28 TIF> >0x0D TIF> >0x28 TIF> >0x0D TIF> >0x21 TIF> >0x0D TIF> >0x21 TIF> >0x108 TIF>Found SWD-DP with ID 0x0BC11477 >0x0D TIF> >0x28 TIF> >0x0D TIF> >0x28 TIF> >0x0D TIF> >0x28 TIF> >0x0D TIF> >0x28 TIF> >0x0D TIF> >0x21 TIF> >0x0D TIF>
 >0x28 TIF> >0x0D TIF> >0x28 TIF> >0x0D TIF> >0x21 TIF> >0x0D TIF> >0x21 TIF> >0x0D TIF> >0x21 TIF> >0x0D TIF> >0x28 TIF> >0x0D TIF> >0x28 TIF> >0x0D TIF> >0x28 TIF> >0x0D TIF> >0x21 TIF> >0x0D TIF> >0x21 TIF> >0x0D TIF> >0x28 TIF> >0x0D TIF> >0x21 TIF> >0x0D TIF> >0x21 TIF>Found Cortex-M0 r0p1, Little endian. -- CPU_ReadMem(4 bytes @ 0xE000EDF0) -- CPU_ReadMem(4 bytes @ 0xE0002000)FPUnit: 4 code (BP) slots and 0 literal slots -- CPU_ReadMem(4 bytes @ 0xE000EDFC) -- CPU_ReadMem(4 bytes @ 0xE0001000)
 -- CPU_WriteMem(4 bytes @ 0xE0001000)CoreSight components:ROMTbl 0 @ 41003000 -- CPU_ReadMem(16 bytes @ 0x41003000) -- CPU_ReadMem(16 bytes @ 0xE00FFFF0) -- CPU_ReadMem(16 bytes @ 0xE00FFFE0)ROMTbl 0 [0]: 9F0FC000, CID: B105100D, PID: 000BB4C0 ROM TableROMTbl 1 @ E00FF000 -- CPU_ReadMem(16 bytes @ 0xE00FF000) -- CPU_ReadMem(16 bytes @ 0xE000EFF0) -- CPU_ReadMem(16 bytes @ 0xE000EFE0)ROMTbl 1 [0]: FFF0F000, CID: B105E00D, PID: 000BB008 SCS -- CPU_ReadMem(16 bytes @ 0xE0001FF0)
 -- CPU_ReadMem(16 bytes @ 0xE0001FE0)ROMTbl 1 [1]: FFF02000, CID: B105E00D, PID: 000BB00A DWT -- CPU_ReadMem(16 bytes @ 0xE0002FF0) -- CPU_ReadMem(16 bytes @ 0xE0002FE0)ROMTbl 1 [2]: FFF03000, CID: B105E00D, PID: 000BB00B FPB -- CPU_ReadMem(16 bytes @ 0x41006FF0) -- CPU_ReadMem(16 bytes @ 0x41006FE0)ROMTbl 0 [1]: 00003000, CID: B105900D, PID: 001BB932 MTB-M0+ -- CPU is running -- CPU_WriteMem(1 bytes @ 0x41002100)  returns 0x01 (0245ms, 68783ms total)
T1B28 91301:101 JLINK_ReadMem (0x41002101, 0x0001 Bytes, ...) -- CPU is running -- CPU_ReadMem(1 bytes @ 0x41002101) - Data: 01  returns 0x00 (0025ms, 68808ms total)
T1B28 91301:126 JLINK_ExecCommand("ProjectFile = C:\Users\Liam James Mulshine\Documents\Atmel Studio\7.0\MyProject0\MyProject0\jlink.config", ...)  returns 0x00 (0001ms, 68809ms total)
T1B28 91301:154 JLINK_ExecCommand("Device = ATSAMD21E18A", ...)Device "ATSAMD21E18" selected.  returns 0x00 (0000ms, 68809ms total)
T1B28 91301:154 JLINK_TIF_Select(JLINKARM_TIF_SWD)  returns 0x00 (0000ms, 68809ms total)
T1B28 91301:154 JLINK_SetSpeed(4000) (0000ms, 68809ms total)
T1B28 91301:154 JLINK_ResetPullsRESET(OFF) (0000ms, 68809ms total)
T1B28 91301:155 JLINK_Connect() >0x108 TIF>Found SWD-DP with ID 0x0BC11477 >0x0D TIF> >0x28 TIF> >0x0D TIF> >0x28 TIF> >0x0D TIF> >0x28 TIF> >0x0D TIF> >0x28 TIF> >0x0D TIF> >0x21 TIF> >0x0D TIF> >0x28 TIF> >0x0D TIF> >0x28 TIF> >0x0D TIF> >0x28 TIF> >0x0D TIF> >0x21 TIF> >0x0D TIF> >0x21 TIF> >0x108 TIF>Found SWD-DP with ID 0x0BC11477 >0x0D TIF> >0x28 TIF> >0x0D TIF> >0x28 TIF> >0x0D TIF> >0x28 TIF> >0x0D TIF> >0x28 TIF> >0x0D TIF> >0x21 TIF> >0x0D TIF> >0x28 TIF> >0x0D TIF> >0x28 TIF> >0x0D TIF>
 >0x21 TIF> >0x0D TIF> >0x21 TIF> >0x0D TIF> >0x21 TIF> >0x0D TIF> >0x28 TIF> >0x0D TIF> >0x28 TIF> >0x0D TIF> >0x28 TIF> >0x0D TIF> >0x21 TIF> >0x0D TIF> >0x21 TIF> >0x0D TIF> >0x28 TIF> >0x0D TIF> >0x21 TIF> >0x0D TIF> >0x21 TIF>Found Cortex-M0 r0p1, Little endian. -- CPU_ReadMem(4 bytes @ 0xE000EDF0) -- CPU_ReadMem(4 bytes @ 0xE0002000)FPUnit: 4 code (BP) slots and 0 literal slots -- CPU_ReadMem(4 bytes @ 0xE000EDFC) -- CPU_ReadMem(4 bytes @ 0xE0001000) -- CPU_WriteMem(4 bytes @ 0xE0001000)
CoreSight components:ROMTbl 0 @ 41003000 -- CPU_ReadMem(16 bytes @ 0x41003000) -- CPU_ReadMem(16 bytes @ 0xE00FFFF0) -- CPU_ReadMem(16 bytes @ 0xE00FFFE0)ROMTbl 0 [0]: 9F0FC000, CID: B105100D, PID: 000BB4C0 ROM TableROMTbl 1 @ E00FF000 -- CPU_ReadMem(16 bytes @ 0xE00FF000) -- CPU_ReadMem(16 bytes @ 0xE000EFF0) -- CPU_ReadMem(16 bytes @ 0xE000EFE0)ROMTbl 1 [0]: FFF0F000, CID: B105E00D, PID: 000BB008 SCS -- CPU_ReadMem(16 bytes @ 0xE0001FF0) -- CPU_ReadMem(16 bytes @ 0xE0001FE0)
ROMTbl 1 [1]: FFF02000, CID: B105E00D, PID: 000BB00A DWT -- CPU_ReadMem(16 bytes @ 0xE0002FF0) -- CPU_ReadMem(16 bytes @ 0xE0002FE0)ROMTbl 1 [2]: FFF03000, CID: B105E00D, PID: 000BB00B FPB -- CPU_ReadMem(16 bytes @ 0x41006FF0) -- CPU_ReadMem(16 bytes @ 0x41006FE0)ROMTbl 0 [1]: 00003000, CID: B105900D, PID: 001BB932 MTB-M0+  returns 0x00 (0048ms, 68858ms total)
T1B28 91301:203 JLINK_Halt()  returns 0x00 (0003ms, 68861ms total)
T1B28 91301:212 JLINK_JTAG_GetDeviceID(DeviceIndex = 0)  returns 0x00 (0000ms, 68861ms total)
T1B28 91301:212 JLINK_ReadMemU32(0x41002018, 0x0001 Items, ...) -- CPU_ReadMem(4 bytes @ 0x41002018) - Data: 0A 01 01 10  returns 0x01 (0001ms, 68862ms total)
T1B28 91301:220 JLINK_BeginDownload(Flags = 0x00) (0000ms, 68862ms total)
T1B28 91301:220 JLINK_WriteMem(0x00000000, 0x34C4 Bytes, ...) - Data: C8 3D 00 20 49 07 00 00 45 07 00 00 45 07 00 00 ...  returns 0x34C4 (0001ms, 68863ms total)
T1B28 91301:221 JLINK_WriteMem(0x000034C4, 0x0020 Bytes, ...) - Data: 48 65 6C 6C 6F 20 57 6F 72 6C 64 21 01 00 00 00 ...  returns 0x20 (0000ms, 68863ms total)
T1444 91301:259 JLINK_IsHalted()  returns TRUE (0000ms, 68863ms total)
T1444 91301:259 JLINK_GetMOEs(...) -- CPU_ReadMem(4 bytes @ 0xE000ED30) -- CPU_WriteMem(4 bytes @ 0xE000ED30)  returns 0x01 (0083ms, 68946ms total)
T1444 91301:342 JLINK_ReadReg(R15 (PC)) -- -------------------------------------- -- Start of determining dirty areas in flash cache -- End of determining dirty areas -- Start of preparing flash programming -- Calculating RAM usage -- RAM usage = 2852 Bytes -- Preserving CPU registers -- Preparing memory -- Determining CPU clock frequency -- CPU clock frequency: 10680 kHz -- CPU frequency = 10680 kHz -- Preparing target -- Downloading RAMCode -- Checking target RAM -- Preparing RAMCode
 -- End of preparing flash programming -- CPU is running at 10680 kHz. -- Start of comparing flash -- CRC check was estimated as fastest method -- Comparing range 0x0000 - 0x34FF (53 Sectors, 13 KB), using multi-block CRC calculation -- CRC does not match for sectors 0-52 -- End of comparing flash -- Start of erasing sectors -- End of erasing sectors -- Start of flash programming -- Programming range 0x00000000 - 0x000034FF (053 Sectors, 13 KB) -- End of flash programming
 -- 0x0000 - 0x34FF (053 Sectors, 13 KB) -- Start of verifying flash -- Checksum calculation was estimated as fastest method -- End of verifying flash -- Start of restoring -- Restore RAMCode -- Restore content of target memory -- Restore target -- Restore memory -- Restoring CPU registers -- End of restoring -- Flash programming performed for 1 range (13568 bytes) -- Total time needed: 0.352s (Prepare: 0.090s, Compare: 0.014s, Erase: 0.000s, Program: 0.236s, Verify: 0.001s, Restore: 0.009s)
  returns 0xFFFFFFFE (0373ms, 69319ms total)
T1B28 91301:733 JLINK_EndDownload()  returns 0x00 (0001ms, 69320ms total)
T1B28 91301:734 JLINK_ResetPullsRESET(ON) (0000ms, 69320ms total)
T1B28 91301:734 JLINK_ResetNoHalt() >0x108 TIF>Found SWD-DP with ID 0x0BC11477 >0x0D TIF> >0x28 TIF> >0x0D TIF> >0x28 TIF> >0x0D TIF> >0x28 TIF> >0x0D TIF> >0x28 TIF> >0x0D TIF> >0x21 TIF> >0x0D TIF> >0x28 TIF> >0x0D TIF> >0x28 TIF> >0x0D TIF> >0x28 TIF> >0x0D TIF> >0x21 TIF> >0x0D TIF> >0x21 TIF> >0x108 TIF>Found SWD-DP with ID 0x0BC11477 >0x0D TIF> >0x28 TIF> >0x0D TIF> >0x28 TIF> >0x0D TIF> >0x28 TIF> >0x0D TIF> >0x28 TIF> >0x0D TIF> >0x21 TIF> >0x0D TIF> >0x28 TIF> >0x0D TIF> >0x28 TIF> >0x0D TIF>
 >0x21 TIF> >0x0D TIF> >0x21 TIF> >0x0D TIF> >0x21 TIF> >0x0D TIF> >0x28 TIF> >0x0D TIF> >0x28 TIF> >0x0D TIF> >0x28 TIF> >0x0D TIF> >0x21 TIF> >0x0D TIF> >0x21 TIF> >0x0D TIF> >0x28 TIF> >0x0D TIF> >0x21 TIF> >0x0D TIF> >0x21 TIF>Found Cortex-M0 r0p1, Little endian. -- CPU_ReadMem(4 bytes @ 0xE000EDF0) -- CPU_ReadMem(4 bytes @ 0xE0002000)FPUnit: 4 code (BP) slots and 0 literal slots -- CPU_ReadMem(4 bytes @ 0xE000EDFC) -- CPU_ReadMem(4 bytes @ 0xE0001000)CoreSight components:ROMTbl 0 @ 41003000
 -- CPU_ReadMem(16 bytes @ 0x41003000) -- CPU_ReadMem(16 bytes @ 0xE00FFFF0) -- CPU_ReadMem(16 bytes @ 0xE00FFFE0)ROMTbl 0 [0]: 9F0FC000, CID: B105100D, PID: 000BB4C0 ROM TableROMTbl 1 @ E00FF000 -- CPU_ReadMem(16 bytes @ 0xE00FF000) -- CPU_ReadMem(16 bytes @ 0xE000EFF0) -- CPU_ReadMem(16 bytes @ 0xE000EFE0)ROMTbl 1 [0]: FFF0F000, CID: B105E00D, PID: 000BB008 SCS -- CPU_WriteMem(4 bytes @ 0xE0001000) -- CPU_ReadMem(16 bytes @ 0xE0001FF0) -- CPU_ReadMem(16 bytes @ 0xE0001FE0)
ROMTbl 1 [1]: FFF02000, CID: B105E00D, PID: 000BB00A DWT -- CPU_ReadMem(16 bytes @ 0xE0002FF0) -- CPU_ReadMem(16 bytes @ 0xE0002FE0)ROMTbl 1 [2]: FFF03000, CID: B105E00D, PID: 000BB00B FPB -- CPU_ReadMem(16 bytes @ 0x41006FF0) -- CPU_ReadMem(16 bytes @ 0x41006FE0)ROMTbl 0 [1]: 00003000, CID: B105900D, PID: 001BB932 MTB-M0+
                JLINK_Reset() -- CPU_ReadMem(4 bytes @ 0x20000000) -- CPU_WriteMem(4 bytes @ 0x20000000) -- CPU_ReadMem(4 bytes @ 0xE000EDFC) -- CPU_WriteMem(4 bytes @ 0xE000EDFC) -- CPU_WriteMem(4 bytes @ 0xE000ED0C) -- CPU is running -- CPU_ReadMem(4 bytes @ 0xE000EDF0) -- CPU is running -- CPU_ReadMem(4 bytes @ 0x41002100) -- CPU is running -- CPU_WriteMem(4 bytes @ 0xE000EDFC) -- CPU_WriteMem(4 bytes @ 0xE0002000) -- CPU_ReadMem(4 bytes @ 0xE000EDFC) -- CPU_ReadMem(4 bytes @ 0xE0001000)
 -- CPU_WriteMem(4 bytes @ 0xE0001000) (0026ms, 0026ms total)
                JLINK_Go() -- CPU_ReadMem(4 bytes @ 0xE0001000) -- CPU_WriteMem(4 bytes @ 0xE0001000) -- CPU_WriteMem(4 bytes @ 0xE0001004) (0006ms, 0032ms total)
               (0127ms, 69447ms total)
T1B28 91301:884 JLINK_Close() >0x42 TIF> >0x28 TIF> >0x0D TIF> >0x21 TIF> (0009ms, 69456ms total)
T1B28 91301:884  (0009ms, 69456ms total)
T1B28 91301:884 Closed (0009ms, 69456ms total)
